#
# There is insufficient memory for the Java Runtime Environment to continue.
# Native memory allocation (mmap) failed to map 257949696 bytes for G1 virtual space
# Possible reasons:
#   The system is out of physical RAM or swap space
#   The process is running with CompressedOops enabled, and the Java Heap may be blocking the growth of the native heap
# Possible solutions:
#   Reduce memory load on the system
#   Increase physical memory or swap space
#   Check if swap backing store is full
#   Decrease Java heap size (-Xmx/-Xms)
#   Decrease number of Java threads
#   Decrease Java thread stack sizes (-Xss)
#   Set larger code cache with -XX:ReservedCodeCacheSize=
#   JVM is running with Zero Based Compressed Oops mode in which the Java heap is
#     placed in the first 32GB address space. The Java Heap base address is the
#     maximum limit for the native heap growth. Please use -XX:HeapBaseMinAddress
#     to set the Java Heap base and to place the Java Heap above 32GB virtual address.
# This output file may be truncated or incomplete.
#
#  Out of Memory Error (os_windows.cpp:3600), pid=19188, tid=11460
#
# JRE version:  (21.0.5+9) (build )
# Java VM: Java HotSpot(TM) 64-Bit Server VM (21.0.5+9-LTS-239, mixed mode, sharing, tiered, compressed oops, compressed class ptrs, g1 gc, windows-amd64)
# No core dump will be written. Minidumps are not enabled by default on client versions of Windows
#

---------------  S U M M A R Y ------------

Command Line: C:\Users\Danila\AppData\Local\Temp\surefire8791766064051201709\surefirebooter-20250110124658268_23.jar C:\Users\Danila\AppData\Local\Temp\surefire8791766064051201709 2025-01-10T12-43-25_074-jvmRun1 surefire-20250110124658268_21tmp surefire_4-20250110124658268_22tmp

Host: AMD Ryzen 5 5500U with Radeon Graphics         , 12 cores, 15G,  Windows 11 , 64 bit Build 22621 (10.0.22621.4391)
Time: Fri Jan 10 12:46:58 2025 Russia TZ 4 Standard Time elapsed time: 0.014255 seconds (0d 0h 0m 0s)

---------------  T H R E A D  ---------------

Current thread (0x0000016498b2f620):  JavaThread "Unknown thread" [_thread_in_vm, id=11460, stack(0x0000001d65300000,0x0000001d65400000) (1024K)]

Stack: [0x0000001d65300000,0x0000001d65400000]
Native frames: (J=compiled Java code, j=interpreted, Vv=VM code, C=native code)
V  [jvm.dll+0x6ca289]
V  [jvm.dll+0x854a51]
V  [jvm.dll+0x856f7e]
V  [jvm.dll+0x857653]
V  [jvm.dll+0x27dd26]
V  [jvm.dll+0x6c6a25]
V  [jvm.dll+0x6bb5aa]
V  [jvm.dll+0x35359a]
V  [jvm.dll+0x35b1f6]
V  [jvm.dll+0x3adade]
V  [jvm.dll+0x3add88]
V  [jvm.dll+0x3278fc]
V  [jvm.dll+0x32845b]
V  [jvm.dll+0x81de19]
V  [jvm.dll+0x3ba7c1]
V  [jvm.dll+0x807168]
V  [jvm.dll+0x44f96e]
V  [jvm.dll+0x451561]
C  [jli.dll+0x52a3]
C  [ucrtbase.dll+0x29333]
C  [KERNEL32.DLL+0x1259d]
C  [ntdll.dll+0x5af38]


---------------  P R O C E S S  ---------------

Threads class SMR info:
_java_thread_list=0x00007fffca24ac08, length=0, elements={
}

Java Threads: ( => current thread )
Total: 0

Other Threads:
  0x0000016498b8bb90 WorkerThread "GC Thread#0"                     [id=13920, stack(0x0000001d65400000,0x0000001d65500000) (1024K)]
  0x0000016498b9d200 ConcurrentGCThread "G1 Main Marker"            [id=22744, stack(0x0000001d65500000,0x0000001d65600000) (1024K)]
  0x0000016498ba02c0 WorkerThread "G1 Conc#0"                       [id=21740, stack(0x0000001d65600000,0x0000001d65700000) (1024K)]

[error occurred during error reporting (printing all threads), id 0xc0000005, EXCEPTION_ACCESS_VIOLATION (0xc0000005) at pc=0x00007fffc99ba087]
VM state: not at safepoint (not fully initialized)

VM Mutex/Monitor currently owned by a thread:  ([mutex/lock_event])
[0x00007fffca2bbf98] Heap_lock - owner thread: 0x0000016498b2f620

Heap address: 0x000000070a400000, size: 3932 MB, Compressed Oops mode: Zero based, Oop shift amount: 3

CDS archive(s) mapped at: [0x0000000000000000-0x0000000000000000-0x0000000000000000), size 0, SharedBaseAddress: 0x0000000800000000, ArchiveRelocationMode: 1.
Narrow klass base: 0x0000000000000000, Narrow klass shift: 0, Narrow klass range: 0x0

GC Precious Log:
 CardTable entry size: 512
 Card Set container configuration: InlinePtr #cards 4 size 8 Array Of Cards #cards 16 size 48 Howl #buckets 8 coarsen threshold 3686 Howl Bitmap #cards 512 size 80 coarsen threshold 460 Card regions per heap region 1 cards per card region 4096

Heap:
 garbage-first heap   total 0K, used 0K [0x000000070a400000, 0x0000000800000000)
  region size 2048K, 0 young (0K), 0 survivors (0K)

[error occurred during error reporting (printing heap information), id 0xc0000005, EXCEPTION_ACCESS_VIOLATION (0xc0000005) at pc=0x00007fffc9da3259]
GC Heap History (0 events):
No events

Dll operation events (1 events):
Event: 0.006 Loaded shared library C:\Program Files\Java\jdk-21\bin\java.dll

Deoptimization events (0 events):
No events

Classes loaded (0 events):
No events

Classes unloaded (0 events):
No events

Classes redefined (0 events):
No events

Internal exceptions (0 events):
No events

ZGC Phase Switch (0 events):
No events

VM Operations (0 events):
No events

Events (0 events):
No events


Dynamic libraries:
0x00007ff71ef40000 - 0x00007ff71ef50000 	C:\Program Files\Java\jdk-21\bin\java.exe
0x00007ff8172b0000 - 0x00007ff8174c7000 	C:\Windows\SYSTEM32\ntdll.dll
0x00007ff816d20000 - 0x00007ff816de4000 	C:\Windows\System32\KERNEL32.DLL
0x00007ff814900000 - 0x00007ff814cba000 	C:\Windows\System32\KERNELBASE.dll
0x00007ff814760000 - 0x00007ff814871000 	C:\Windows\System32\ucrtbase.dll
0x00007ff803680000 - 0x00007ff803699000 	C:\Program Files\Java\jdk-21\bin\jli.dll
0x00007ff8168d0000 - 0x00007ff816982000 	C:\Windows\System32\ADVAPI32.dll
0x00007ff805470000 - 0x00007ff80548b000 	C:\Program Files\Java\jdk-21\bin\VCRUNTIME140.dll
0x00007ff817190000 - 0x00007ff817237000 	C:\Windows\System32\msvcrt.dll
0x00007ff816530000 - 0x00007ff8165d7000 	C:\Windows\System32\sechost.dll
0x00007ff814cc0000 - 0x00007ff814ce8000 	C:\Windows\System32\bcrypt.dll
0x00007ff815430000 - 0x00007ff815544000 	C:\Windows\System32\RPCRT4.dll
0x00007ff815a60000 - 0x00007ff815c0e000 	C:\Windows\System32\USER32.dll
0x00007ff814670000 - 0x00007ff814696000 	C:\Windows\System32\win32u.dll
0x00007ffffe970000 - 0x00007ffffec02000 	C:\Windows\WinSxS\amd64_microsoft.windows.common-controls_6595b64144ccf1df_6.0.22621.4541_none_2710d1c57384c085\COMCTL32.dll
0x00007ff8168a0000 - 0x00007ff8168c9000 	C:\Windows\System32\GDI32.dll
0x00007ff814cf0000 - 0x00007ff814e0b000 	C:\Windows\System32\gdi32full.dll
0x00007ff814550000 - 0x00007ff8145ea000 	C:\Windows\System32\msvcp_win.dll
0x00007ff80b700000 - 0x00007ff80b70a000 	C:\Windows\SYSTEM32\VERSION.dll
0x00007ff815c10000 - 0x00007ff815c41000 	C:\Windows\System32\IMM32.DLL
0x00007ff810bd0000 - 0x00007ff810bdc000 	C:\Program Files\Java\jdk-21\bin\vcruntime140_1.dll
0x00007fffd1e30000 - 0x00007fffd1ebe000 	C:\Program Files\Java\jdk-21\bin\msvcp140.dll
0x00007fffc9680000 - 0x00007fffca398000 	C:\Program Files\Java\jdk-21\bin\server\jvm.dll
0x00007ff816f80000 - 0x00007ff816ff1000 	C:\Windows\System32\WS2_32.dll
0x00007ff813fe0000 - 0x00007ff81402d000 	C:\Windows\SYSTEM32\POWRPROF.dll
0x00007ff80fc60000 - 0x00007ff80fc94000 	C:\Windows\SYSTEM32\WINMM.dll
0x00007ff813e60000 - 0x00007ff813e73000 	C:\Windows\SYSTEM32\UMPDC.dll
0x00007ff8134f0000 - 0x00007ff813508000 	C:\Windows\SYSTEM32\kernel.appcore.dll
0x00007ff810790000 - 0x00007ff81079a000 	C:\Program Files\Java\jdk-21\bin\jimage.dll
0x00007ff8119a0000 - 0x00007ff811bd2000 	C:\Windows\SYSTEM32\DBGHELP.DLL
0x00007ff816990000 - 0x00007ff816d1f000 	C:\Windows\System32\combase.dll
0x00007ff817090000 - 0x00007ff817167000 	C:\Windows\System32\OLEAUT32.dll
0x00007ff805290000 - 0x00007ff8052c2000 	C:\Windows\SYSTEM32\dbgcore.DLL
0x00007ff814880000 - 0x00007ff8148fb000 	C:\Windows\System32\bcryptPrimitives.dll
0x00007ff803660000 - 0x00007ff80367f000 	C:\Program Files\Java\jdk-21\bin\java.dll

dbghelp: loaded successfully - version: 4.0.5 - missing functions: none
symbol engine: initialized successfully - sym options: 0x614 - pdb path: .;C:\Program Files\Java\jdk-21\bin;C:\Windows\SYSTEM32;C:\Windows\WinSxS\amd64_microsoft.windows.common-controls_6595b64144ccf1df_6.0.22621.4541_none_2710d1c57384c085;C:\Program Files\Java\jdk-21\bin\server

VM Arguments:
java_command: C:\Users\Danila\AppData\Local\Temp\surefire8791766064051201709\surefirebooter-20250110124658268_23.jar C:\Users\Danila\AppData\Local\Temp\surefire8791766064051201709 2025-01-10T12-43-25_074-jvmRun1 surefire-20250110124658268_21tmp surefire_4-20250110124658268_22tmp
java_class_path (initial): C:\Users\Danila\AppData\Local\Temp\surefire8791766064051201709\surefirebooter-20250110124658268_23.jar
Launcher Type: SUN_STANDARD

[Global flags]
     intx CICompilerCount                          = 4                                         {product} {ergonomic}
     uint ConcGCThreads                            = 3                                         {product} {ergonomic}
     uint G1ConcRefinementThreads                  = 10                                        {product} {ergonomic}
   size_t G1HeapRegionSize                         = 2097152                                   {product} {ergonomic}
    uintx GCDrainStackTargetSize                   = 64                                        {product} {ergonomic}
   size_t InitialHeapSize                          = 257949696                                 {product} {ergonomic}
   size_t MarkStackSize                            = 4194304                                   {product} {ergonomic}
   size_t MaxHeapSize                              = 4123000832                                {product} {ergonomic}
   size_t MinHeapDeltaBytes                        = 2097152                                   {product} {ergonomic}
   size_t MinHeapSize                              = 8388608                                   {product} {ergonomic}
    uintx NonNMethodCodeHeapSize                   = 5839372                                {pd product} {ergonomic}
    uintx NonProfiledCodeHeapSize                  = 122909434                              {pd product} {ergonomic}
    uintx ProfiledCodeHeapSize                     = 122909434                              {pd product} {ergonomic}
    uintx ReservedCodeCacheSize                    = 251658240                              {pd product} {ergonomic}
     bool SegmentedCodeCache                       = true                                      {product} {ergonomic}
   size_t SoftMaxHeapSize                          = 4123000832                             {manageable} {ergonomic}
     bool UseCompressedOops                        = true                           {product lp64_product} {ergonomic}
     bool UseG1GC                                  = true                                      {product} {ergonomic}
     bool UseLargePagesIndividualAllocation        = false                                  {pd product} {ergonomic}

Logging:
Log output configuration:
 #0: stdout all=warning uptime,level,tags foldmultilines=false
 #1: stderr all=off uptime,level,tags foldmultilines=false

Environment Variables:
JAVA_HOME=C:\Java\jdk-21\bin
PATH=C:\Program Files (x86)\VMware\VMware Workstation\bin\;C:\Program Files\Common Files\Oracle\Java\javapath;C:\Windows\system32;C:\Windows;C:\Windows\System32\Wbem;C:\Windows\System32\WindowsPowerShell\v1.0\;C:\Windows\System32\OpenSSH\;C:\Program Files\dotnet\;C:\Program Files (x86)\Windows Kits\10\Windows Performance Toolkit\;C:\ProgramData\chocolatey\bin;C:\Program Files\Git\cmd;C:\Program Files\PostgreSQL\16\bin;C:\Program Files\nodejs\;JAVA_HOME=C:\Program Files\Java\jdk-17\bin;C:\Program Files\PuTTY\;C:\Program Files\Docker\Docker\resources\bin;C:\Users\Danila\AppData\Local\Programs\Python\Launcher\;C:\Users\Danila\AppData\Local\Microsoft\WindowsApps;C:\Program Files\JetBrains\IntelliJ IDEA 2024.3\bin;;C:\Program Files\JetBrains\PyCharm Community Edition 2024.3\bin;;C:\Users\Danila\AppData\Local\Programs\Microsoft VS Code\bin;C:\Program Files\PostgreSQL\16\bin;;%IntelliJ IDEA Community Edition%;C:\Users\Danila\.dotnet\tools;C:\Users\Danila\AppData\Roaming\npm;C:\Program Files\JetBrains\DataGrip 2024.2.2\bin;
USERNAME=Danila
OS=Windows_NT
PROCESSOR_IDENTIFIER=AMD64 Family 23 Model 104 Stepping 1, AuthenticAMD
TMP=C:\Users\Danila\AppData\Local\Temp
TEMP=C:\Users\Danila\AppData\Local\Temp




Periodic native trim disabled

---------------  S Y S T E M  ---------------

OS:
 Windows 11 , 64 bit Build 22621 (10.0.22621.4391)
OS uptime: 0 days 16:53 hours
Hyper-V role detected

CPU: total 12 (initial active 12) (12 cores per cpu, 2 threads per core) family 23 model 104 stepping 1 microcode 0x0, cx8, cmov, fxsr, ht, mmx, 3dnowpref, sse, sse2, sse3, ssse3, sse4a, sse4.1, sse4.2, popcnt, lzcnt, tsc, tscinvbit, avx, avx2, aes, clmul, bmi1, bmi2, adx, sha, fma, vzeroupper, clflush, clflushopt, hv, rdtscp, rdpid, f16c
Processor Information for processor 0
  Max Mhz: 2100, Current Mhz: 2100, Mhz Limit: 2100
Processor Information for processor 1
  Max Mhz: 2100, Current Mhz: 1988, Mhz Limit: 2100
Processor Information for processor 2
  Max Mhz: 2100, Current Mhz: 1988, Mhz Limit: 2100
Processor Information for processor 3
  Max Mhz: 2100, Current Mhz: 1988, Mhz Limit: 2100
Processor Information for processor 4
  Max Mhz: 2100, Current Mhz: 1988, Mhz Limit: 2100
Processor Information for processor 5
  Max Mhz: 2100, Current Mhz: 1988, Mhz Limit: 2100
Processor Information for processor 6
  Max Mhz: 2100, Current Mhz: 1988, Mhz Limit: 2100
Processor Information for processor 7
  Max Mhz: 2100, Current Mhz: 1988, Mhz Limit: 2100
Processor Information for processor 8
  Max Mhz: 2100, Current Mhz: 1988, Mhz Limit: 2100
Processor Information for processor 9
  Max Mhz: 2100, Current Mhz: 1988, Mhz Limit: 2100
Processor Information for processor 10
  Max Mhz: 2100, Current Mhz: 1988, Mhz Limit: 2100
Processor Information for processor 11
  Max Mhz: 2100, Current Mhz: 1988, Mhz Limit: 2100

Memory: 4k page, system-wide physical 15722M (743M free)
TotalPageFile size 23914M (AvailPageFile size 53M)
current process WorkingSet (physical memory assigned to process): 12M, peak: 12M
current process commit charge ("private bytes"): 64M, peak: 310M

vm_info: Java HotSpot(TM) 64-Bit Server VM (21.0.5+9-LTS-239) for windows-amd64 JRE (21.0.5+9-LTS-239), built on 2024-09-30T05:17:38Z by "mach5one" with MS VC++ 17.6 (VS2022)

END.
